1544166785931	mozrunner::runner	INFO	Running command: "/Applications/Firefox.app/Contents/MacOS/firefox-bin" "-marionette" "-foreground" "-no-remote" "-profile" "/var/folders/jf/v2_vm9zs5mq0z3vvqy54hz7m0000gn/T/rust_mozprofile.gBZpzZ1Oe4Fy"
1544166790557	Marionette	INFO	Listening on port 56728
1544166790659	Marionette	WARN	TLS certificate errors will be ignored for this session
1544166795325	Marionette	INFO	Stopped listening on port 56728
1544166838013	mozrunner::runner	INFO	Running command: "/Applications/Firefox.app/Contents/MacOS/firefox-bin" "-marionette" "-headless" "-foreground" "-no-remote" "-profile" "/var/folders/jf/v2_vm9zs5mq0z3vvqy54hz7m0000gn/T/rust_mozprofile.AeQTvquljJdu"
*** You are running in headless mode.
1544166842092	Marionette	INFO	Listening on port 56806
1544166842168	Marionette	WARN	TLS certificate errors will be ignored for this session
1544166845517	mozrunner::runner	INFO	Running command: "/Applications/Firefox.app/Contents/MacOS/firefox-bin" "-marionette" "-headless" "-foreground" "-no-remote" "-profile" "/var/folders/jf/v2_vm9zs5mq0z3vvqy54hz7m0000gn/T/rust_mozprofile.qu58zFBsK6HJ"
*** You are running in headless mode.
1544166852049	Marionette	INFO	Listening on port 56870
1544166852066	Marionette	WARN	TLS certificate errors will be ignored for this session
console.error: BroadcastService: 
  receivedBroadcastMessage: handler for
  remote-settings/monitor_changes
  threw error:
  Message: Error: Polling for changes failed: NetworkError when attempting to fetch resource..
  Stack:
    remoteSettingsFunction/remoteSettings.pollChanges@resource://services-settings/remote-settings.js:721:13

console.error: BroadcastService: 
  receivedBroadcastMessage: handler for
  remote-settings/monitor_changes
  threw error:
  Message: Error: Polling for changes failed: NetworkError when attempting to fetch resource..
  Stack:
    remoteSettingsFunction/remoteSettings.pollChanges@resource://services-settings/remote-settings.js:721:13

